[07:36:17] [ServerMain/INFO]: Environment: authHost='https://authserver.mojang.com', accountsHost='https://api.mojang.com', sessionHost='https://sessionserver.mojang.com', servicesHost='https://api.minecraftservices.com', name='PROD'
[07:36:18] [ServerMain/INFO]: Reloading ResourceManager: Default, bukkit
[07:36:19] [Worker-Main-10/INFO]: Loaded 7 recipes
[07:36:22] [Server thread/INFO]: Starting minecraft server version 1.18
[07:36:22] [Server thread/INFO]: Loading properties
[07:36:22] [Server thread/INFO]: This server is running CraftBukkit version 3355-Spigot-dbf4938-3c2af1b (MC: 1.18) (Implementing API version 1.18-R0.1-SNAPSHOT)
[07:36:22] [Server thread/INFO]: Debug logging is disabled
[07:36:22] [Server thread/INFO]: Server Ping Player Sample Count: 12
[07:36:22] [Server thread/INFO]: Using 4 threads for Netty based IO
[07:36:23] [Server thread/INFO]: Default game type: SURVIVAL
[07:36:23] [Server thread/INFO]: Generating keypair
[07:36:23] [Server thread/INFO]: Starting Minecraft server on *:25565
[07:36:23] [Server thread/INFO]: Using default channel type
[07:36:23] [Server thread/INFO]: Preparing level "911"
[07:36:24] [Server thread/INFO]: -------- World Settings For [911] --------
[07:36:24] [Server thread/INFO]: Nerfing mobs spawned from spawners: false
[07:36:24] [Server thread/INFO]: Allow Zombie Pigmen to spawn from portal blocks: true
[07:36:24] [Server thread/INFO]: Simulation Distance: 10
[07:36:24] [Server thread/INFO]: View Distance: 10
[07:36:24] [Server thread/INFO]: Item Despawn Rate: 6000
[07:36:24] [Server thread/INFO]: Item Merge Radius: 2.5
[07:36:24] [Server thread/INFO]: Arrow Despawn Rate: 1200 Trident Respawn Rate:1200
[07:36:24] [Server thread/INFO]: Zombie Aggressive Towards Villager: true
[07:36:24] [Server thread/INFO]: Mob Spawn Range: 6
[07:36:24] [Server thread/INFO]: Experience Merge Radius: 3.0
[07:36:24] [Server thread/INFO]: Cactus Growth Modifier: 100%
[07:36:24] [Server thread/INFO]: Cane Growth Modifier: 100%
[07:36:24] [Server thread/INFO]: Melon Growth Modifier: 100%
[07:36:24] [Server thread/INFO]: Mushroom Growth Modifier: 100%
[07:36:24] [Server thread/INFO]: Pumpkin Growth Modifier: 100%
[07:36:24] [Server thread/INFO]: Sapling Growth Modifier: 100%
[07:36:24] [Server thread/INFO]: Beetroot Growth Modifier: 100%
[07:36:24] [Server thread/INFO]: Carrot Growth Modifier: 100%
[07:36:24] [Server thread/INFO]: Potato Growth Modifier: 100%
[07:36:24] [Server thread/INFO]: Wheat Growth Modifier: 100%
[07:36:24] [Server thread/INFO]: NetherWart Growth Modifier: 100%
[07:36:24] [Server thread/INFO]: Vine Growth Modifier: 100%
[07:36:24] [Server thread/INFO]: Cocoa Growth Modifier: 100%
[07:36:24] [Server thread/INFO]: Bamboo Growth Modifier: 100%
[07:36:24] [Server thread/INFO]: SweetBerry Growth Modifier: 100%
[07:36:24] [Server thread/INFO]: Kelp Growth Modifier: 100%
[07:36:24] [Server thread/INFO]: Entity Activation Range: An 32 / Mo 32 / Ra 48 / Mi 16 / Tiv true
[07:36:24] [Server thread/INFO]: Hopper Transfer: 8 Hopper Check: 1 Hopper Amount: 1
[07:36:24] [Server thread/INFO]: Entity Tracking Range: Pl 48 / An 48 / Mo 48 / Mi 32 / Other 64
[07:36:24] [Server thread/INFO]: Custom Map Seeds:  Village: 10387312 Desert: 14357617 Igloo: 14357618 Jungle: 14357619 Swamp: 14357620 Monument: 10387313 Ocean: 14357621 Shipwreck: 165745295 End City: 10387313 Slime: 987234911 Bastion: 30084232 Fortress: 30084232 Mansion: 10387319 Fossil: 14357921 Portal: 34222645
[07:36:24] [Server thread/INFO]: Max TNT Explosions: 100
[07:36:24] [Server thread/INFO]: Tile Max Tick Time: 50ms Entity max Tick Time: 50ms
[07:36:24] [Server thread/INFO]: -------- World Settings For [911_nether] --------
[07:36:24] [Server thread/INFO]: Nerfing mobs spawned from spawners: false
[07:36:24] [Server thread/INFO]: Allow Zombie Pigmen to spawn from portal blocks: true
[07:36:24] [Server thread/INFO]: Simulation Distance: 10
[07:36:24] [Server thread/INFO]: View Distance: 10
[07:36:24] [Server thread/INFO]: Item Despawn Rate: 6000
[07:36:24] [Server thread/INFO]: Item Merge Radius: 2.5
[07:36:24] [Server thread/INFO]: Arrow Despawn Rate: 1200 Trident Respawn Rate:1200
[07:36:24] [Server thread/INFO]: Zombie Aggressive Towards Villager: true
[07:36:24] [Server thread/INFO]: Mob Spawn Range: 6
[07:36:24] [Server thread/INFO]: Experience Merge Radius: 3.0
[07:36:24] [Server thread/INFO]: Cactus Growth Modifier: 100%
[07:36:24] [Server thread/INFO]: Cane Growth Modifier: 100%
[07:36:24] [Server thread/INFO]: Melon Growth Modifier: 100%
[07:36:24] [Server thread/INFO]: Mushroom Growth Modifier: 100%
[07:36:24] [Server thread/INFO]: Pumpkin Growth Modifier: 100%
[07:36:24] [Server thread/INFO]: Sapling Growth Modifier: 100%
[07:36:24] [Server thread/INFO]: Beetroot Growth Modifier: 100%
[07:36:24] [Server thread/INFO]: Carrot Growth Modifier: 100%
[07:36:24] [Server thread/INFO]: Potato Growth Modifier: 100%
[07:36:24] [Server thread/INFO]: Wheat Growth Modifier: 100%
[07:36:24] [Server thread/INFO]: NetherWart Growth Modifier: 100%
[07:36:24] [Server thread/INFO]: Vine Growth Modifier: 100%
[07:36:24] [Server thread/INFO]: Cocoa Growth Modifier: 100%
[07:36:24] [Server thread/INFO]: Bamboo Growth Modifier: 100%
[07:36:24] [Server thread/INFO]: SweetBerry Growth Modifier: 100%
[07:36:24] [Server thread/INFO]: Kelp Growth Modifier: 100%
[07:36:24] [Server thread/INFO]: Entity Activation Range: An 32 / Mo 32 / Ra 48 / Mi 16 / Tiv true
[07:36:24] [Server thread/INFO]: Hopper Transfer: 8 Hopper Check: 1 Hopper Amount: 1
[07:36:24] [Server thread/INFO]: Entity Tracking Range: Pl 48 / An 48 / Mo 48 / Mi 32 / Other 64
[07:36:24] [Server thread/INFO]: Custom Map Seeds:  Village: 10387312 Desert: 14357617 Igloo: 14357618 Jungle: 14357619 Swamp: 14357620 Monument: 10387313 Ocean: 14357621 Shipwreck: 165745295 End City: 10387313 Slime: 987234911 Bastion: 30084232 Fortress: 30084232 Mansion: 10387319 Fossil: 14357921 Portal: 34222645
[07:36:24] [Server thread/INFO]: Max TNT Explosions: 100
[07:36:24] [Server thread/INFO]: Tile Max Tick Time: 50ms Entity max Tick Time: 50ms
[07:36:24] [Server thread/INFO]: -------- World Settings For [911_the_end] --------
[07:36:24] [Server thread/INFO]: Nerfing mobs spawned from spawners: false
[07:36:24] [Server thread/INFO]: Allow Zombie Pigmen to spawn from portal blocks: true
[07:36:24] [Server thread/INFO]: Simulation Distance: 10
[07:36:24] [Server thread/INFO]: View Distance: 10
[07:36:24] [Server thread/INFO]: Item Despawn Rate: 6000
[07:36:24] [Server thread/INFO]: Item Merge Radius: 2.5
[07:36:24] [Server thread/INFO]: Arrow Despawn Rate: 1200 Trident Respawn Rate:1200
[07:36:24] [Server thread/INFO]: Zombie Aggressive Towards Villager: true
[07:36:24] [Server thread/INFO]: Mob Spawn Range: 6
[07:36:24] [Server thread/INFO]: Experience Merge Radius: 3.0
[07:36:24] [Server thread/INFO]: Cactus Growth Modifier: 100%
[07:36:24] [Server thread/INFO]: Cane Growth Modifier: 100%
[07:36:24] [Server thread/INFO]: Melon Growth Modifier: 100%
[07:36:24] [Server thread/INFO]: Mushroom Growth Modifier: 100%
[07:36:24] [Server thread/INFO]: Pumpkin Growth Modifier: 100%
[07:36:24] [Server thread/INFO]: Sapling Growth Modifier: 100%
[07:36:24] [Server thread/INFO]: Beetroot Growth Modifier: 100%
[07:36:24] [Server thread/INFO]: Carrot Growth Modifier: 100%
[07:36:24] [Server thread/INFO]: Potato Growth Modifier: 100%
[07:36:24] [Server thread/INFO]: Wheat Growth Modifier: 100%
[07:36:24] [Server thread/INFO]: NetherWart Growth Modifier: 100%
[07:36:24] [Server thread/INFO]: Vine Growth Modifier: 100%
[07:36:24] [Server thread/INFO]: Cocoa Growth Modifier: 100%
[07:36:24] [Server thread/INFO]: Bamboo Growth Modifier: 100%
[07:36:24] [Server thread/INFO]: SweetBerry Growth Modifier: 100%
[07:36:24] [Server thread/INFO]: Kelp Growth Modifier: 100%
[07:36:24] [Server thread/INFO]: Entity Activation Range: An 32 / Mo 32 / Ra 48 / Mi 16 / Tiv true
[07:36:24] [Server thread/INFO]: Hopper Transfer: 8 Hopper Check: 1 Hopper Amount: 1
[07:36:24] [Server thread/INFO]: Entity Tracking Range: Pl 48 / An 48 / Mo 48 / Mi 32 / Other 64
[07:36:24] [Server thread/INFO]: Custom Map Seeds:  Village: 10387312 Desert: 14357617 Igloo: 14357618 Jungle: 14357619 Swamp: 14357620 Monument: 10387313 Ocean: 14357621 Shipwreck: 165745295 End City: 10387313 Slime: 987234911 Bastion: 30084232 Fortress: 30084232 Mansion: 10387319 Fossil: 14357921 Portal: 34222645
[07:36:24] [Server thread/INFO]: Max TNT Explosions: 100
[07:36:24] [Server thread/INFO]: Tile Max Tick Time: 50ms Entity max Tick Time: 50ms
[07:36:24] [Server thread/INFO]: Preparing start region for dimension minecraft:overworld
[07:36:25] [Worker-Main-10/INFO]: Preparing spawn area: 0%
[07:36:26] [Worker-Main-11/INFO]: Preparing spawn area: 0%
[07:36:26] [Worker-Main-13/INFO]: Preparing spawn area: 0%
[07:36:26] [Worker-Main-10/INFO]: Preparing spawn area: 0%
[07:36:26] [Worker-Main-10/INFO]: Preparing spawn area: 0%
[07:36:27] [Worker-Main-12/INFO]: Preparing spawn area: 0%
[07:36:27] [Worker-Main-13/INFO]: Preparing spawn area: 1%
[07:36:28] [Worker-Main-12/INFO]: Preparing spawn area: 5%
[07:36:28] [Worker-Main-8/INFO]: Preparing spawn area: 10%
[07:36:29] [Worker-Main-10/INFO]: Preparing spawn area: 10%
[07:36:33] [Worker-Main-11/INFO]: Preparing spawn area: 15%
[07:36:33] [Worker-Main-12/INFO]: Preparing spawn area: 15%
[07:36:33] [Worker-Main-11/INFO]: Preparing spawn area: 15%
[07:36:33] [Worker-Main-11/INFO]: Preparing spawn area: 15%
[07:36:33] [Worker-Main-11/INFO]: Preparing spawn area: 15%
[07:36:33] [Worker-Main-12/INFO]: Preparing spawn area: 15%
[07:36:33] [Worker-Main-10/INFO]: Preparing spawn area: 15%
[07:36:33] [Worker-Main-14/INFO]: Preparing spawn area: 22%
[07:36:33] [Worker-Main-12/INFO]: Preparing spawn area: 47%
[07:36:34] [Worker-Main-11/INFO]: Preparing spawn area: 70%
[07:36:34] [Worker-Main-11/INFO]: Preparing spawn area: 88%
[07:36:35] [Server thread/INFO]: Time elapsed: 10208 ms
[07:36:35] [Server thread/INFO]: Preparing start region for dimension minecraft:the_nether
[07:36:36] [Worker-Main-10/INFO]: Preparing spawn area: 0%
[07:36:36] [Worker-Main-13/INFO]: Preparing spawn area: 0%
[07:36:36] [Worker-Main-14/INFO]: Preparing spawn area: 0%
[07:36:36] [Worker-Main-12/INFO]: Preparing spawn area: 0%
[07:36:37] [Worker-Main-9/INFO]: Preparing spawn area: 0%
[07:36:37] [Worker-Main-8/INFO]: Preparing spawn area: 0%
[07:36:38] [Worker-Main-9/INFO]: Preparing spawn area: 0%
[07:36:38] [Worker-Main-9/INFO]: Preparing spawn area: 1%
[07:36:39] [Worker-Main-14/INFO]: Preparing spawn area: 7%
[07:36:39] [Worker-Main-13/INFO]: Preparing spawn area: 17%
[07:36:40] [Worker-Main-10/INFO]: Preparing spawn area: 44%
[07:36:40] [Worker-Main-9/INFO]: Preparing spawn area: 65%
[07:36:41] [Worker-Main-8/INFO]: Preparing spawn area: 88%
[07:36:41] [Worker-Main-8/INFO]: Preparing spawn area: 94%
[07:36:42] [Server thread/INFO]: Time elapsed: 6800 ms
[07:36:42] [Server thread/INFO]: Preparing start region for dimension minecraft:the_end
[07:36:42] [Worker-Main-9/INFO]: Preparing spawn area: 0%
[07:36:42] [Worker-Main-9/INFO]: Preparing spawn area: 0%
[07:36:43] [Worker-Main-9/INFO]: Preparing spawn area: 0%
[07:36:43] [Worker-Main-14/INFO]: Preparing spawn area: 0%
[07:36:44] [Worker-Main-9/INFO]: Preparing spawn area: 9%
[07:36:44] [Worker-Main-10/INFO]: Preparing spawn area: 19%
[07:36:45] [Worker-Main-9/INFO]: Preparing spawn area: 37%
[07:36:45] [Worker-Main-12/INFO]: Preparing spawn area: 53%
[07:36:46] [Worker-Main-10/INFO]: Preparing spawn area: 75%
[07:36:46] [Worker-Main-8/INFO]: Preparing spawn area: 87%
[07:36:46] [Server thread/INFO]: Time elapsed: 4863 ms
[07:36:46] [Server thread/INFO]: Server permissions file permissions.yml is empty, ignoring it
[07:36:46] [Server thread/INFO]: Done (23.300s)! For help, type "help"
[07:37:07] [User Authenticator #1/INFO]: UUID of player youaregeh_nooo is bcdbf2ce-ccad-47cb-8429-96127c05b374
[07:37:07] [Server thread/INFO]: youaregeh_nooo[/127.0.0.1:62284] logged in with entity id 206 at ([911]624.7624999880791, 127.0, -3527.9849719940803)
[07:37:35] [Server thread/INFO]: youaregeh_nooo issued server command: /gamemode spectator
[07:37:35] [Server thread/INFO]: [youaregeh_nooo: Set own game mode to Spectator Mode]
[07:37:43] [Server thread/INFO]: youaregeh_nooo issued server command: /gamemode creative
[07:37:43] [Server thread/INFO]: [youaregeh_nooo: Set own game mode to Creative Mode]
[07:58:00] [Server thread/INFO]: youaregeh_nooo issued server command: /gamemode survival
[07:58:00] [Server thread/INFO]: [youaregeh_nooo: Set own game mode to Survival Mode]
[08:12:10] [Server thread/INFO]: youaregeh_nooo was slain by Phantom
[08:12:50] [Server thread/INFO]: youaregeh_nooo issued server command: /gamemode spectator
[08:12:50] [Server thread/INFO]: [youaregeh_nooo: Set own game mode to Spectator Mode]
[08:13:15] [Server thread/INFO]: youaregeh_nooo lost connection: Disconnected
[08:13:15] [Server thread/INFO]: youaregeh_nooo left the game
[08:14:00] [User Authenticator #2/INFO]: UUID of player youaregeh_nooo is bcdbf2ce-ccad-47cb-8429-96127c05b374
[08:14:00] [Server thread/INFO]: youaregeh_nooo[/127.0.0.1:57984] logged in with entity id 8325 at ([911]-29.269105251753775, 81.36938855736308, -289.45341058187233)
[08:14:19] [Server thread/INFO]: youaregeh_nooo issued server command: /effect give @a minecraft:speed 10 100
[08:14:19] [Server thread/INFO]: [youaregeh_nooo: Applied effect Speed to youaregeh_nooo]
[08:14:39] [Server thread/INFO]: youaregeh_nooo issued server command: /gamemode creative
[08:14:39] [Server thread/INFO]: [youaregeh_nooo: Set own game mode to Creative Mode]
[08:14:43] [Server thread/INFO]: youaregeh_nooo issued server command: /effect give @a minecraft:speed 10 100
[08:14:43] [Server thread/INFO]: [youaregeh_nooo: Applied effect Speed to youaregeh_nooo]
[08:15:28] [Server thread/INFO]: youaregeh_nooo issued server command: /tp @a ~ -4000 ~
[08:15:28] [Server thread/INFO]: [youaregeh_nooo: Teleported youaregeh_nooo to -44.288197, -4000.000000, -1135.245177]
[08:15:28] [Server thread/WARN]: youaregeh_nooo moved too quickly! 0.0,-4126.985834883976,0.0
[08:15:28] [Server thread/WARN]: youaregeh_nooo moved too quickly! 0.0,-4126.985834883976,0.0
[08:15:28] [Server thread/WARN]: youaregeh_nooo moved too quickly! 0.0,-4126.985834883976,0.0
[08:15:28] [Server thread/WARN]: youaregeh_nooo moved too quickly! 0.0,-4126.985834883976,0.0
[08:15:28] [Server thread/WARN]: youaregeh_nooo moved too quickly! 0.0,-4126.985834883976,0.0
[08:15:28] [Server thread/WARN]: youaregeh_nooo moved too quickly! 0.0,-4126.985834883976,0.0
[08:15:28] [Server thread/WARN]: youaregeh_nooo moved too quickly! 0.0,-4126.985834883976,0.0
[08:15:28] [Server thread/WARN]: youaregeh_nooo moved too quickly! 0.0,-4126.985834883976,0.0
[08:15:28] [Server thread/WARN]: youaregeh_nooo moved too quickly! 0.0,-4126.985834883976,0.0
[08:15:28] [Server thread/WARN]: youaregeh_nooo moved too quickly! 0.0,-4126.985834883976,0.0
[08:15:28] [Server thread/WARN]: youaregeh_nooo moved too quickly! 0.0,-4126.985834883976,0.0
[08:15:28] [Server thread/WARN]: youaregeh_nooo moved too quickly! 0.0,-4126.985834883976,0.0
[08:15:28] [Server thread/WARN]: youaregeh_nooo moved too quickly! 0.0,-4126.985834883976,0.0
[08:15:28] [Server thread/WARN]: youaregeh_nooo moved too quickly! 0.0,-4126.985834883976,0.0
[08:15:28] [Server thread/WARN]: youaregeh_nooo moved too quickly! 0.0,-4126.985834883976,0.0
[08:15:31] [Server thread/INFO]: youaregeh_nooo fell out of the world
[08:15:41] [Server thread/INFO]: youaregeh_nooo issued server command: /tp @a
[08:16:07] [Server thread/INFO]: youaregeh_nooo issued server command: /tp @a 65 63 -5000
[08:16:08] [Server thread/INFO]: [youaregeh_nooo: Teleported youaregeh_nooo to 65.500000, 63.000000, -4999.500000]
[08:16:29] [Server thread/INFO]: youaregeh_nooo issued server command: /gamemode survival
[08:16:29] [Server thread/INFO]: [youaregeh_nooo: Set own game mode to Survival Mode]
[08:18:27] [Server thread/INFO]: youaregeh_nooo issued server command: /tp @a 600 ~ -3800
[08:18:29] [Server thread/INFO]: [youaregeh_nooo: Teleported youaregeh_nooo to 600.500000, 130.000000, -3799.500000]
[08:19:39] [Server thread/INFO]: youaregeh_nooo issued server command: /gamemode creative
[08:19:39] [Server thread/INFO]: [youaregeh_nooo: Set own game mode to Creative Mode]
[08:20:19] [Server thread/INFO]: youaregeh_nooo issued server command: /gamemode survival
[08:20:19] [Server thread/INFO]: [youaregeh_nooo: Set own game mode to Survival Mode]
[08:21:02] [Server thread/WARN]: youaregeh_nooo moved wrongly!
[08:25:47] [Server thread/INFO]: youaregeh_nooo issued server command: /locate fortress
[08:27:07] [Server thread/INFO]: youaregeh_nooo issued server command: /give youaregeh_nooo minecraft:gol
[08:27:15] [Server thread/INFO]: youaregeh_nooo issued server command: /give youaregeh_nooo minecraft:golden_helmet
[08:27:15] [Server thread/INFO]: [youaregeh_nooo: Gave 1 [Golden Helmet] to youaregeh_nooo]
[08:27:23] [Server thread/INFO]: youaregeh_nooo has made the advancement [A Terrible Fortress]
[08:28:53] [Server thread/INFO]: youaregeh_nooo issued server command: /gamemode creative
[08:28:53] [Server thread/INFO]: [youaregeh_nooo: Set own game mode to Creative Mode]
[08:29:38] [Server thread/INFO]: youaregeh_nooo issued server command: /gamemode survival
[08:29:38] [Server thread/INFO]: [youaregeh_nooo: Set own game mode to Survival Mode]
[08:31:12] [Server thread/INFO]: youaregeh_nooo issued server command: /locate endcity
[08:31:26] [Server thread/INFO]: youaregeh_nooo issued server command: /locate mansion
[08:31:52] [Server thread/INFO]: youaregeh_nooo issued server command: /locate bastion_remnant
[08:32:02] [Server thread/INFO]: youaregeh_nooo issued server command: /gamemode creative
[08:32:02] [Server thread/INFO]: [youaregeh_nooo: Set own game mode to Creative Mode]
[08:32:20] [Server thread/INFO]: youaregeh_nooo issued server command: /tp -512 ~ ~
[08:32:20] [Server thread/INFO]: [youaregeh_nooo: Teleported youaregeh_nooo to -511.500000, 55.000000, -188.700000]
[08:32:20] [Server thread/WARN]: youaregeh_nooo moved too quickly! -265.80000001192093,0.0,0.0
[08:32:47] [Server thread/INFO]: youaregeh_nooo issued server command: /tp youaregeh_nooo 0 0 0
[08:32:48] [Server thread/INFO]: [youaregeh_nooo: Teleported youaregeh_nooo to 0.500000, 0.000000, 0.500000]
[08:33:24] [Server thread/INFO]: youaregeh_nooo issued server command: /locate bastion_remnant
[08:33:46] [Server thread/INFO]: youaregeh_nooo issued server command: /tp youaregeh_nooo 112 ~ -360
[08:33:47] [Server thread/INFO]: [youaregeh_nooo: Teleported youaregeh_nooo to 112.500000, 66.756832, -359.500000]
[08:34:48] [Server thread/INFO]: youaregeh_nooo issued server command: /gamemode spectator
[08:34:48] [Server thread/INFO]: [youaregeh_nooo: Set own game mode to Spectator Mode]
[08:35:47] [Server thread/INFO]: youaregeh_nooo issued server command: /tp youaregeh_nooo 112 ~ -360
[08:35:47] [Server thread/INFO]: [youaregeh_nooo: Teleported youaregeh_nooo to 112.500000, 44.287034, -359.500000]
[08:35:47] [Server thread/WARN]: youaregeh_nooo moved too quickly! -43.353537179055536,0.0,-92.28927572012566
[08:36:17] [Server thread/INFO]: youaregeh_nooo issued server command: /gamemode creative
[08:36:17] [Server thread/INFO]: [youaregeh_nooo: Set own game mode to Creative Mode]
[08:37:36] [Server thread/INFO]: youaregeh_nooo issued server command: /tp youaregeh_nooo 600 ~ -3800
[08:37:37] [Server thread/INFO]: [youaregeh_nooo: Teleported youaregeh_nooo to 600.500000, 121.515742, -3799.500000]
[08:38:55] [Server thread/INFO]: youaregeh_nooo issued server command: /gamemode survival
[08:38:55] [Server thread/INFO]: [youaregeh_nooo: Set own game mode to Survival Mode]
[09:00:50] [User Authenticator #3/INFO]: UUID of player MeCazh is 8498e232-31c7-499f-8014-8f3234753741
[09:00:50] [Server thread/INFO]: MeCazh[/100.88.218.158:49152] logged in with entity id 21479 at ([911]632.5432511791861, 127.0, -3532.0003439428447)
[09:03:29] [Async Chat Thread - #0/INFO]: <MeCazh> -40 -447[m
[09:30:53] [Server thread/INFO]: MeCazh lost connection: Disconnected
[09:30:53] [Server thread/INFO]: MeCazh left the game
[09:31:33] [User Authenticator #4/INFO]: UUID of player MeCazh is 8498e232-31c7-499f-8014-8f3234753741
[09:31:33] [Server thread/INFO]: MeCazh[/100.88.218.158:50426] logged in with entity id 31997 at ([911]544.515088010931, 107.81720261598953, -3260.8554143679344)
[09:33:30] [Server thread/INFO]: MeCazh fell from a high place
[09:34:52] [Async Chat Thread - #1/INFO]: <youaregeh_nooo> -105 -21 -2400[m
[09:36:55] [Async Chat Thread - #2/INFO]: <youaregeh_nooo> -106 8 -2412[m
[09:40:37] [Async Chat Thread - #3/INFO]: <youaregeh_nooo> -82[m
[09:40:46] [Async Chat Thread - #3/INFO]: <youaregeh_nooo> -82 62 -2400[m
[09:51:53] [Async Chat Thread - #4/INFO]: <MeCazh> -370 -2418[m
[09:53:45] [User Authenticator #5/INFO]: UUID of player jiho0811 is 989c9f0e-0edd-43ae-a814-9889204281a3
[09:53:45] [Server thread/INFO]: jiho0811[/185.188.4.71:39360] logged in with entity id 41984 at ([911]-39.5, 79.0, 171.5)
[09:53:45] [Server thread/INFO]: jiho0811 lost connection: Disconnected
[09:53:45] [Server thread/INFO]: jiho0811 left the game
[09:53:45] [Async Chat Thread - #5/INFO]: <jiho0811> Reference Class Name: Main
[m
[09:59:38] [Server thread/INFO]: youaregeh_nooo issued server command: /gamemode creative
[09:59:38] [Server thread/INFO]: [youaregeh_nooo: Set own game mode to Creative Mode]
[09:59:40] [Server thread/INFO]: youaregeh_nooo issued server command: /gamemode survival
[09:59:40] [Server thread/INFO]: [youaregeh_nooo: Set own game mode to Survival Mode]
[10:04:51] [Server thread/INFO]: MeCazh has made the advancement [The Cutest Predator]
[10:05:55] [Server thread/INFO]: MeCazh lost connection: Disconnected
[10:05:55] [Server thread/INFO]: MeCazh left the game
[10:06:34] [User Authenticator #6/INFO]: UUID of player MeCazh is 8498e232-31c7-499f-8014-8f3234753741
[10:06:34] [Server thread/INFO]: MeCazh[/100.88.218.158:62397] logged in with entity id 45916 at ([911]92.41185408146308, 15.943128558132539, -2097.8590378705867)
[10:09:43] [Server thread/WARN]: MeCazh moved wrongly!
[10:28:30] [Async Chat Thread - #6/INFO]: <MeCazh> 1353 -3562[m
[10:29:18] [Async Chat Thread - #6/INFO]: <MeCazh> 1353 -3562[m
[10:29:19] [Async Chat Thread - #6/INFO]: <MeCazh> 1353 -3562[m
[10:29:19] [Async Chat Thread - #6/INFO]: <MeCazh> 1353 -3562[m
[10:29:20] [Async Chat Thread - #6/INFO]: <MeCazh> 1353 -3562[m
[10:29:21] [Async Chat Thread - #6/INFO]: <MeCazh> 1353 -3562[m
[10:29:22] [Async Chat Thread - #6/INFO]: <MeCazh> 1353 -3562[m
[10:29:23] [Async Chat Thread - #6/INFO]: <MeCazh> 1353 -3562[m
[10:29:24] [Async Chat Thread - #6/INFO]: <MeCazh> 1353 -3562[m
[10:29:25] [Async Chat Thread - #6/INFO]: <MeCazh> 1353 -3562[m
[10:29:26] [Async Chat Thread - #6/INFO]: <MeCazh> 1353 -3562[m
[10:29:26] [Async Chat Thread - #6/INFO]: <MeCazh> 1353 -3562[m
[10:29:27] [Async Chat Thread - #6/INFO]: <MeCazh> 1353 -3562[m
[10:29:28] [Async Chat Thread - #6/INFO]: <MeCazh> 1353 -3562[m
[10:29:28] [Async Chat Thread - #6/INFO]: <MeCazh> 1353 -3562[m
[10:29:29] [Async Chat Thread - #6/INFO]: <MeCazh> 1353 -3562[m
[10:29:30] [Async Chat Thread - #6/INFO]: <MeCazh> 1353 -3562[m
[10:29:30] [Async Chat Thread - #6/INFO]: <MeCazh> 1353 -3562[m
[10:29:31] [Async Chat Thread - #6/INFO]: <MeCazh> 1353 -3562[m
[10:29:32] [Async Chat Thread - #6/INFO]: <MeCazh> 1353 -3562[m
[10:29:32] [Async Chat Thread - #6/INFO]: <MeCazh> 1353 -3562[m
[10:29:33] [Async Chat Thread - #6/INFO]: <MeCazh> 1353 -3562[m
[10:29:35] [Async Chat Thread - #6/INFO]: <MeCazh> 1353 -3562[m
[10:29:38] [Async Chat Thread - #6/INFO]: <MeCazh> 1353 -3562[m
[10:29:41] [Async Chat Thread - #6/INFO]: <MeCazh> 1353 -3562[m
[10:29:43] [Async Chat Thread - #6/INFO]: <MeCazh> 1353 -3562[m
[10:34:19] [Async Chat Thread - #7/INFO]: <MeCazh> 1427.82 70.00 -3700.35[m
[10:34:53] [Server thread/INFO]: youaregeh_nooo has completed the challenge [Hot Tourist Destinations]
[10:38:58] [Server thread/INFO]: youaregeh_nooo lost connection: Disconnected
[10:38:58] [Server thread/INFO]: youaregeh_nooo left the game
[10:41:41] [User Authenticator #7/INFO]: UUID of player youaregeh_nooo is bcdbf2ce-ccad-47cb-8429-96127c05b374
[10:41:41] [Server thread/INFO]: youaregeh_nooo[/127.0.0.1:54896] logged in with entity id 64229 at ([911]47.23750001192093, 130.0, -5087.085393399739)
[10:45:30] [Server thread/INFO]: youaregeh_nooo lost connection: Disconnected
[10:45:30] [Server thread/INFO]: youaregeh_nooo left the game
[10:52:15] [User Authenticator #8/INFO]: UUID of player youaregeh_nooo is bcdbf2ce-ccad-47cb-8429-96127c05b374
[10:52:15] [Server thread/INFO]: youaregeh_nooo[/127.0.0.1:49946] logged in with entity id 65772 at ([911]49.07331684660624, 131.0, -5085.699999988079)
[11:04:14] [Server thread/WARN]: MeCazh moved wrongly!
[11:04:48] [Server thread/INFO]: MeCazh lost connection: Disconnected
[11:04:48] [Server thread/INFO]: MeCazh left the game
[11:05:25] [User Authenticator #9/INFO]: UUID of player MeCazh is 8498e232-31c7-499f-8014-8f3234753741
[11:05:25] [Server thread/INFO]: MeCazh[/100.88.218.158:64908] logged in with entity id 72079 at ([911_nether]-364.0984053977611, 60.44867422439528, -476.62744560969287)
[11:11:04] [Server thread/INFO]: youaregeh_nooo has made the advancement [Hidden in the Depths]
[11:12:48] [Server thread/INFO]: MeCazh issued server command: /gamemode spectator
[11:12:48] [Server thread/INFO]: [MeCazh: Set own game mode to Spectator Mode]
[11:12:54] [Server thread/INFO]: youaregeh_nooo issued server command: /gamemode spectator
[11:12:54] [Server thread/INFO]: [youaregeh_nooo: Set own game mode to Spectator Mode]
[11:13:01] [Server thread/INFO]: MeCazh issued server command: /gamemode survival
[11:13:01] [Server thread/INFO]: [MeCazh: Set own game mode to Survival Mode]
[11:13:10] [Server thread/INFO]: youaregeh_nooo issued server command: /gamemode survival
[11:13:10] [Server thread/INFO]: [youaregeh_nooo: Set own game mode to Survival Mode]
[11:15:30] [Async Chat Thread - #8/INFO]: <MeCazh> 190.37 51.00 353.50[m
[11:17:24] [Async Chat Thread - #9/INFO]: <MeCazh> 190.37 51.00 353.50[m
[11:17:59] [Server thread/INFO]: youaregeh_nooo issued server command: /gamemode spectator
[11:17:59] [Server thread/INFO]: [youaregeh_nooo: Set own game mode to Spectator Mode]
[11:18:20] [Server thread/INFO]: MeCazh issued server command: /tp @a MeCazh
[11:18:20] [Server thread/INFO]: [MeCazh: Teleported 2 entities to MeCazh]
[11:18:20] [Server thread/WARN]: youaregeh_nooo moved too quickly! 34.03417063501209,-14.68179877704561,4.1715117182868084
[11:18:27] [Server thread/INFO]: youaregeh_nooo issued server command: /gamemode survival
[11:18:27] [Server thread/INFO]: [youaregeh_nooo: Set own game mode to Survival Mode]
[11:38:48] [Async Chat Thread - #10/INFO]: <MeCazh> -40 -447.87[m
[11:49:45] [Server thread/INFO]: MeCazh lost connection: Disconnected
[11:49:45] [Server thread/INFO]: MeCazh left the game
[11:53:20] [User Authenticator #10/INFO]: UUID of player MeCazh is 8498e232-31c7-499f-8014-8f3234753741
[11:53:21] [Server thread/INFO]: MeCazh[/100.88.218.158:50472] logged in with entity id 91935 at ([911]49.69999998807907, 129.0, -5086.432701809017)
[11:53:27] [Server thread/INFO]: MeCazh lost connection: Disconnected
[11:53:27] [Server thread/INFO]: MeCazh left the game
[12:00:02] [User Authenticator #11/INFO]: UUID of player youaregeh_nooo is bcdbf2ce-ccad-47cb-8429-96127c05b374
[12:00:03] [Server thread/INFO]: youaregeh_nooo lost connection: You logged in from another location
[12:00:03] [Server thread/INFO]: youaregeh_nooo left the game
[12:00:03] [Server thread/INFO]: youaregeh_nooo[/127.0.0.1:50166] logged in with entity id 92807 at ([911]49.69999998807907, 129.0, -5086.300000011921)
[12:03:47] [Server thread/INFO]: youaregeh_nooo issued server command: /gamemode spectator
[12:03:47] [Server thread/INFO]: [youaregeh_nooo: Set own game mode to Spectator Mode]
[12:04:42] [Server thread/INFO]: youaregeh_nooo issued server command: /gamemode survival
[12:04:42] [Server thread/INFO]: [youaregeh_nooo: Set own game mode to Survival Mode]
[12:37:29] [User Authenticator #12/INFO]: UUID of player MeCazh is 8498e232-31c7-499f-8014-8f3234753741
[12:37:29] [Server thread/INFO]: MeCazh[/100.88.218.158:51620] logged in with entity id 98195 at ([911]49.30000001192093, 129.0, -5086.300000011921)
[12:53:37] [Server thread/INFO]: youaregeh_nooo lost connection: Disconnected
[12:53:37] [Server thread/INFO]: youaregeh_nooo left the game
[12:53:42] [User Authenticator #13/INFO]: UUID of player youaregeh_nooo is bcdbf2ce-ccad-47cb-8429-96127c05b374
[12:53:42] [Server thread/INFO]: youaregeh_nooo[/127.0.0.1:51784] logged in with entity id 107164 at ([911]49.58882385605396, 129.0, -5086.300000011921)
[12:56:57] [Server thread/WARN]: youaregeh_nooo moved wrongly!
[13:06:32] [Server thread/INFO]: MeCazh has completed the challenge [Cover Me in Debris]
[13:09:26] [Async Chat Thread - #11/INFO]: <MeCazh> -40 -447[m
[13:10:46] [Async Chat Thread - #12/INFO]: <MeCazh> -40 -447[m
[13:15:05] [Server thread/INFO]: youaregeh_nooo has completed the challenge [Cover Me in Debris]
[13:24:12] [Server thread/INFO]: MeCazh has completed the challenge [Serious Dedication]
[13:35:38] [Server thread/INFO]: youaregeh_nooo has completed the challenge [Serious Dedication]
[13:43:19] [Server thread/INFO]: MeCazh was slain by Wither Skeleton
[13:47:20] [Server thread/INFO]: youaregeh_nooo has made the advancement [Into Fire]
[13:53:51] [Server thread/INFO]: youaregeh_nooo has made the advancement [Spooky Scary Skeleton]
[13:54:20] [Server thread/INFO]: MeCazh lost connection: Disconnected
[13:54:20] [Server thread/INFO]: MeCazh left the game
[13:54:59] [User Authenticator #14/INFO]: UUID of player MeCazh is 8498e232-31c7-499f-8014-8f3234753741
[13:54:59] [Server thread/INFO]: MeCazh[/100.88.218.158:56010] logged in with entity id 135525 at ([911_nether]72.66621919078437, 64.85127814699467, 91.30997902487545)
[14:16:23] [Server thread/INFO]: MeCazh lost connection: Disconnected
[14:16:23] [Server thread/INFO]: MeCazh left the game
[14:17:08] [User Authenticator #15/INFO]: UUID of player MeCazh is 8498e232-31c7-499f-8014-8f3234753741
[14:17:08] [Server thread/INFO]: MeCazh[/100.88.218.158:54582] logged in with entity id 141392 at ([911]703.1416062252415, 135.3191358311061, -3640.9974504252946)
[14:21:37] [Server thread/WARN]: MeCazh moved wrongly!
[14:24:00] [Server thread/INFO]: MeCazh issued server command: /kick youaregeh_nooo
[14:24:00] [Server thread/INFO]: youaregeh_nooo lost connection: Kicked by an operator
[14:24:00] [Server thread/INFO]: youaregeh_nooo left the game
[14:24:00] [Server thread/INFO]: [MeCazh: Kicked youaregeh_nooo: Kicked by an operator]
[14:24:04] [User Authenticator #16/INFO]: UUID of player youaregeh_nooo is bcdbf2ce-ccad-47cb-8429-96127c05b374
[14:24:04] [Server thread/INFO]: youaregeh_nooo[/127.0.0.1:63016] logged in with entity id 151039 at ([911]484.42256517492405, 107.895589857972, -4322.026268258407)
[14:24:20] [Server thread/INFO]: youaregeh_nooo issued server command: /kick MeCazh
[14:24:20] [Server thread/INFO]: MeCazh lost connection: Kicked by an operator
[14:24:20] [Server thread/INFO]: MeCazh left the game
[14:24:20] [Server thread/INFO]: [youaregeh_nooo: Kicked MeCazh: Kicked by an operator]
[14:24:22] [User Authenticator #17/INFO]: UUID of player MeCazh is 8498e232-31c7-499f-8014-8f3234753741
[14:24:22] [Server thread/INFO]: MeCazh[/100.88.218.158:54873] logged in with entity id 152439 at ([911]742.1627489553837, 93.1908862790844, -3557.084780083137)
[14:24:23] [Server thread/WARN]: youaregeh_nooo moved too quickly! 3.5532134556713686,-10.755090388527066,-13.980642304702997
[14:30:15] [Server thread/INFO]: youaregeh_nooo was blown up by Creeper
[14:32:48] [Server thread/INFO]: youaregeh_nooo lost connection: Disconnected
[14:32:48] [Server thread/INFO]: youaregeh_nooo left the game
[14:32:52] [User Authenticator #18/INFO]: UUID of player youaregeh_nooo is bcdbf2ce-ccad-47cb-8429-96127c05b374
[14:32:52] [Server thread/INFO]: youaregeh_nooo[/127.0.0.1:63225] logged in with entity id 158546 at ([911]598.0436449984446, 127.0, -3506.5613207084257)
[14:35:45] [Server thread/INFO]: Villager EntityVillager['Farmer'/162207, l='ServerLevel[911]', x=232.50, y=68.56, z=-4593.50] died, message: 'Farmer went up in flames'
[15:00:00] [Server thread/INFO]: youaregeh_nooo has reached the goal [Hired Help]
[15:00:00] [Server thread/INFO]: MeCazh has reached the goal [Hired Help]
[15:10:27] [Server thread/INFO]: youaregeh_nooo issued server command: /gamemode creative
[15:10:27] [Server thread/INFO]: [youaregeh_nooo: Set own game mode to Creative Mode]
[15:10:28] [Server thread/INFO]: youaregeh_nooo issued server command: /gamemode survival
[15:10:28] [Server thread/INFO]: [youaregeh_nooo: Set own game mode to Survival Mode]
[15:10:53] [Server thread/INFO]: youaregeh_nooo issued server command: /gamemode creative
[15:10:53] [Server thread/INFO]: [youaregeh_nooo: Set own game mode to Creative Mode]
[15:11:08] [Server thread/INFO]: youaregeh_nooo issued server command: /gamemode survival
[15:11:08] [Server thread/INFO]: [youaregeh_nooo: Set own game mode to Survival Mode]
[15:11:24] [Server thread/INFO]: Skipping update from removed player 'EntityPlayer['youaregeh_nooo'/158546, l='ServerLevel[911_the_end]', x=1.30, y=58.68, z=0.56, removed=CHANGED_DIMENSION](youaregeh_nooo at 1.300000011920929,58.67647087614427,0.561447423972873)'
[15:12:58] [Server thread/INFO]: youaregeh_nooo lost connection: Disconnected
[15:12:58] [Server thread/INFO]: youaregeh_nooo left the game
[15:13:27] [User Authenticator #19/INFO]: UUID of player youaregeh_nooo is bcdbf2ce-ccad-47cb-8429-96127c05b374
[15:13:27] [Server thread/INFO]: youaregeh_nooo[/127.0.0.1:64048] logged in with entity id 174722 at ([911_nether]29.59281220904576, 72.0, -569.5222954912929)
[15:33:13] [Server thread/INFO]: youaregeh_nooo issued server command: /gamemode spectator
[15:33:13] [Server thread/INFO]: [youaregeh_nooo: Set own game mode to Spectator Mode]
[15:33:17] [Server thread/INFO]: MeCazh issued server command: /gamemode spectator
[15:33:17] [Server thread/INFO]: [MeCazh: Set own game mode to Spectator Mode]
[15:33:25] [Server thread/INFO]: youaregeh_nooo issued server command: /gamemode survival
[15:33:25] [Server thread/INFO]: [youaregeh_nooo: Set own game mode to Survival Mode]
[15:33:41] [Server thread/INFO]: MeCazh issued server command: /gamemode survival
[15:33:41] [Server thread/INFO]: [MeCazh: Set own game mode to Survival Mode]
[15:36:45] [Async Chat Thread - #13/INFO]: <MeCazh> 242 -5592[m
[15:48:38] [Server thread/WARN]: youaregeh_nooo moved too quickly! -131.19999998807907,52.00516561390059,5593.12440299449
[16:11:45] [Server thread/INFO]: youaregeh_nooo fell from a high place
[16:16:18] [Server thread/WARN]: youaregeh_nooo moved wrongly!
[16:19:56] [Server thread/INFO]: youaregeh_nooo withered away whilst fighting Wither
[16:19:59] [Server thread/WARN]: MeCazh moved too quickly! 22.386900504824947,11.700288316730806,-1.9191469786405326
[16:21:01] [Server thread/INFO]: MeCazh withered away
[16:22:37] [Server thread/INFO]: MeCazh withered away
[16:25:32] [Server thread/INFO]: youaregeh_nooo lost connection: Disconnected
[16:25:32] [Server thread/INFO]: youaregeh_nooo left the game
[16:25:33] [Server thread/INFO]: MeCazh lost connection: Disconnected
[16:25:33] [Server thread/INFO]: MeCazh left the game
[16:26:13] [User Authenticator #20/INFO]: UUID of player MeCazh is 8498e232-31c7-499f-8014-8f3234753741
[16:26:13] [Server thread/INFO]: MeCazh[/100.88.218.158:59834] logged in with entity id 405096 at ([911_the_end]1186.7239991475726, 81.53674310412241, -341.5506925492368)
[16:26:53] [User Authenticator #21/INFO]: UUID of player youaregeh_nooo is bcdbf2ce-ccad-47cb-8429-96127c05b374
[16:26:53] [Server thread/INFO]: youaregeh_nooo[/127.0.0.1:56733] logged in with entity id 407704 at ([911_the_end]1138.9462293955305, 77.13722585437174, -332.1446509104516)
[16:27:09] [Server thread/INFO]: youaregeh_nooo lost connection: Disconnected
[16:27:09] [Server thread/INFO]: youaregeh_nooo left the game
[16:27:52] [User Authenticator #22/INFO]: UUID of player youaregeh_nooo is bcdbf2ce-ccad-47cb-8429-96127c05b374
[16:27:52] [Server thread/INFO]: youaregeh_nooo[/127.0.0.1:56777] logged in with entity id 412426 at ([911_the_end]1433.7361738530774, 91.12806788844665, -322.5297186053726)
[16:29:35] [Async Chat Thread - #14/INFO]: <MeCazh> 1656.7 -268[m
[16:30:00] [Server thread/INFO]: youaregeh_nooo lost connection: Disconnected
[16:30:00] [Server thread/INFO]: youaregeh_nooo left the game
[16:30:21] [Async Chat Thread - #14/INFO]: <MeCazh> 1656 -268[m
[16:30:46] [User Authenticator #23/INFO]: UUID of player youaregeh_nooo is bcdbf2ce-ccad-47cb-8429-96127c05b374
[16:30:46] [Server thread/INFO]: youaregeh_nooo[/127.0.0.1:56865] logged in with entity id 437812 at ([911_the_end]2068.78842048709, 110.76366967694001, -270.5972364956735)
[16:31:59] [Async Chat Thread - #15/INFO]: <MeCazh> 1656 -268[m
[16:33:12] [Server thread/WARN]: youaregeh_nooo moved too quickly! 17.871836096338484,-2.0245587569636427,1.2404121038329414
[16:33:26] [Server thread/INFO]: youaregeh_nooo lost connection: Disconnected
[16:33:26] [Server thread/INFO]: youaregeh_nooo left the game
[16:34:09] [User Authenticator #24/INFO]: UUID of player youaregeh_nooo is bcdbf2ce-ccad-47cb-8429-96127c05b374
[16:34:09] [Server thread/INFO]: youaregeh_nooo[/127.0.0.1:56970] logged in with entity id 489461 at ([911_the_end]5972.508957072266, 668.2846508257378, 3.062721904933726)
[16:35:30] [Server thread/INFO]: youaregeh_nooo lost connection: Disconnected
[16:35:30] [Server thread/INFO]: youaregeh_nooo left the game
[16:36:18] [User Authenticator #25/INFO]: UUID of player youaregeh_nooo is bcdbf2ce-ccad-47cb-8429-96127c05b374
[16:36:18] [Server thread/INFO]: youaregeh_nooo[/127.0.0.1:57043] logged in with entity id 506393 at ([911_the_end]8354.868097928053, 248.99011289181945, -33.56350651969215)
[16:39:35] [Server thread/INFO]: youaregeh_nooo lost connection: Disconnected
[16:39:35] [Server thread/INFO]: youaregeh_nooo left the game
[16:40:15] [User Authenticator #26/INFO]: UUID of player youaregeh_nooo is bcdbf2ce-ccad-47cb-8429-96127c05b374
[16:40:15] [Server thread/INFO]: youaregeh_nooo[/127.0.0.1:57172] logged in with entity id 508898 at ([911_the_end]11448.671024658488, 99.33675151375574, -56.344734514048824)
[16:40:34] [Server thread/INFO]: youaregeh_nooo lost connection: Disconnected
[16:40:34] [Server thread/INFO]: youaregeh_nooo left the game
[16:41:17] [User Authenticator #27/INFO]: UUID of player youaregeh_nooo is bcdbf2ce-ccad-47cb-8429-96127c05b374
[16:41:17] [Server thread/INFO]: youaregeh_nooo[/127.0.0.1:57221] logged in with entity id 509483 at ([911_the_end]11862.075420264136, 75.30918886681985, -34.6826872665342)
[16:45:19] [Server thread/INFO]: MeCazh lost connection: Disconnected
[16:45:19] [Server thread/INFO]: MeCazh left the game
[16:46:00] [User Authenticator #28/INFO]: UUID of player MeCazh is 8498e232-31c7-499f-8014-8f3234753741
[16:46:00] [Server thread/INFO]: MeCazh[/100.88.218.158:53823] logged in with entity id 510638 at ([911_the_end]12927.99886714709, 134.6415035961521, 71.27656262928937)
[16:46:51] [Server thread/INFO]: MeCazh lost connection: Disconnected
[16:46:51] [Server thread/INFO]: MeCazh left the game
[16:47:24] [Server thread/INFO]: youaregeh_nooo lost connection: Disconnected
[16:47:24] [Server thread/INFO]: youaregeh_nooo left the game
[16:47:26] [User Authenticator #29/INFO]: UUID of player MeCazh is 8498e232-31c7-499f-8014-8f3234753741
[16:47:26] [Server thread/INFO]: MeCazh[/100.88.218.158:53927] logged in with entity id 511549 at ([911_the_end]13809.967575469873, 76.71423654841942, 56.325660023779946)
[16:47:35] [Server thread/INFO]: MeCazh lost connection: Disconnected
[16:47:35] [Server thread/INFO]: MeCazh left the game
[16:48:06] [User Authenticator #30/INFO]: UUID of player youaregeh_nooo is bcdbf2ce-ccad-47cb-8429-96127c05b374
[16:48:06] [Server thread/INFO]: youaregeh_nooo[/127.0.0.1:53065] logged in with entity id 511663 at ([911_the_end]14595.420738096114, 87.09871654957591, 41.17180208394933)
[16:48:12] [User Authenticator #31/INFO]: UUID of player MeCazh is 8498e232-31c7-499f-8014-8f3234753741
[16:48:12] [Server thread/INFO]: MeCazh[/100.88.218.158:53996] logged in with entity id 511748 at ([911_the_end]13907.902793314997, 80.0676284958834, 54.37475514668001)
[16:48:37] [Server thread/INFO]: MeCazh lost connection: Disconnected
[16:48:37] [Server thread/INFO]: MeCazh left the game
[16:49:13] [User Authenticator #32/INFO]: UUID of player MeCazh is 8498e232-31c7-499f-8014-8f3234753741
[16:49:13] [Server thread/INFO]: MeCazh[/100.88.218.158:54087] logged in with entity id 512364 at ([911_the_end]14405.854725689587, 80.60807996133929, 43.5798716444612)
[16:50:01] [Server thread/INFO]: MeCazh lost connection: Disconnected
[16:50:01] [Server thread/INFO]: MeCazh left the game
[16:50:38] [User Authenticator #33/INFO]: UUID of player MeCazh is 8498e232-31c7-499f-8014-8f3234753741
[16:50:39] [Server thread/INFO]: MeCazh[/100.88.218.158:54201] logged in with entity id 512932 at ([911_the_end]15619.358263265749, 125.10056933829073, 50.108207454173105)
[16:50:56] [Server thread/INFO]: MeCazh lost connection: Disconnected
[16:50:56] [Server thread/INFO]: MeCazh left the game
[16:51:33] [User Authenticator #34/INFO]: UUID of player MeCazh is 8498e232-31c7-499f-8014-8f3234753741
[16:51:33] [Server thread/INFO]: MeCazh[/100.88.218.158:54329] logged in with entity id 513214 at ([911_the_end]15907.436381405254, 119.04118382683248, 56.07334451778424)
[16:52:15] [Server thread/INFO]: MeCazh lost connection: Disconnected
[16:52:15] [Server thread/INFO]: MeCazh left the game
[16:52:56] [User Authenticator #35/INFO]: UUID of player MeCazh is 8498e232-31c7-499f-8014-8f3234753741
[16:52:56] [Server thread/INFO]: MeCazh[/100.88.218.158:54444] logged in with entity id 513933 at ([911_the_end]16882.18316275402, 105.02733115617148, 50.34230471059154)
[16:53:06] [Server thread/INFO]: MeCazh lost connection: Disconnected
[16:53:06] [Server thread/INFO]: MeCazh left the game
[16:53:44] [User Authenticator #36/INFO]: UUID of player MeCazh is 8498e232-31c7-499f-8014-8f3234753741
[16:53:44] [Server thread/INFO]: MeCazh[/100.88.218.158:54519] logged in with entity id 514162 at ([911_the_end]16978.891287940256, 111.81600966582245, 52.4571094408235)
[16:56:01] [Server thread/WARN]: youaregeh_nooo moved too quickly! 26.45475406472542,0.9481071228643856,2.0778557770221884
[16:56:06] [Server thread/INFO]: youaregeh_nooo lost connection: Disconnected
[16:56:06] [Server thread/INFO]: youaregeh_nooo left the game
[16:57:18] [Server thread/INFO]: com.mojang.authlib.GameProfile@d3799f5[id=<null>,name=youaregeh_nooo,properties={},legacy=false] (/127.0.0.1:53283) lost connection: Disconnected
[16:57:20] [User Authenticator #37/INFO]: UUID of player youaregeh_nooo is bcdbf2ce-ccad-47cb-8429-96127c05b374
[16:57:20] [Server thread/INFO]: youaregeh_nooo[/127.0.0.1:53287] logged in with entity id 517928 at ([911_the_end]18708.232474055658, 92.93266296344608, 10.911380214347147)
[17:00:48] [Server thread/INFO]: youaregeh_nooo lost connection: Disconnected
[17:00:48] [Server thread/INFO]: youaregeh_nooo left the game
[17:01:04] [Server thread/INFO]: MeCazh lost connection: Disconnected
[17:01:04] [Server thread/INFO]: MeCazh left the game
[17:01:33] [User Authenticator #38/INFO]: UUID of player youaregeh_nooo is bcdbf2ce-ccad-47cb-8429-96127c05b374
[17:01:33] [Server thread/INFO]: youaregeh_nooo[/127.0.0.1:53396] logged in with entity id 519639 at ([911_the_end]20865.70912937615, 89.5067063632036, 99.69056240737521)
[17:01:49] [User Authenticator #39/INFO]: UUID of player MeCazh is 8498e232-31c7-499f-8014-8f3234753741
[17:01:49] [Server thread/INFO]: MeCazh[/100.88.218.158:54966] logged in with entity id 519934 at ([911_the_end]21399.24956844198, 89.47142344337455, 207.01953640723931)
[17:02:16] [Server thread/INFO]: MeCazh lost connection: Disconnected
[17:02:16] [Server thread/INFO]: MeCazh left the game
[17:02:53] [User Authenticator #40/INFO]: UUID of player MeCazh is 8498e232-31c7-499f-8014-8f3234753741
[17:02:53] [Server thread/INFO]: MeCazh[/100.88.218.158:55057] logged in with entity id 520891 at ([911_the_end]21892.61553084246, 76.34689598869505, 217.8586614427456)
[17:04:20] [Server thread/INFO]: youaregeh_nooo lost connection: Disconnected
[17:04:20] [Server thread/INFO]: youaregeh_nooo left the game
[17:04:37] [User Authenticator #41/INFO]: UUID of player youaregeh_nooo is bcdbf2ce-ccad-47cb-8429-96127c05b374
[17:04:37] [Server thread/INFO]: youaregeh_nooo[/127.0.0.1:53470] logged in with entity id 522055 at ([911_the_end]22441.984681873175, 157.98625318050262, 25.825911340740852)
[17:26:00] [Server thread/INFO]: youaregeh_nooo lost connection: Disconnected
[17:26:00] [Server thread/INFO]: youaregeh_nooo left the game
[17:26:51] [Server thread/INFO]: com.mojang.authlib.GameProfile@416e647b[id=<null>,name=youaregeh_nooo,properties={},legacy=false] (/127.0.0.1:56398) lost connection: Disconnected
[17:26:53] [User Authenticator #42/INFO]: UUID of player youaregeh_nooo is bcdbf2ce-ccad-47cb-8429-96127c05b374
[17:26:53] [Server thread/INFO]: youaregeh_nooo[/127.0.0.1:56407] logged in with entity id 530591 at ([911_the_end]21216.67176428769, 61.87022667781963, -408.84831187177497)
[17:28:44] [Server thread/INFO]: youaregeh_nooo lost connection: Disconnected
[17:28:44] [Server thread/INFO]: youaregeh_nooo left the game
[17:29:27] [User Authenticator #43/INFO]: UUID of player youaregeh_nooo is bcdbf2ce-ccad-47cb-8429-96127c05b374
[17:29:27] [Server thread/INFO]: youaregeh_nooo[/127.0.0.1:56483] logged in with entity id 532505 at ([911_the_end]18604.11681473188, 80.19638795484111, -254.42804847435062)
[17:32:04] [Server thread/INFO]: MeCazh lost connection: Disconnected
[17:32:04] [Server thread/INFO]: MeCazh left the game
[17:33:55] [Server thread/INFO]: youaregeh_nooo lost connection: Disconnected
[17:33:55] [Server thread/INFO]: youaregeh_nooo left the game
[17:34:17] [User Authenticator #44/INFO]: UUID of player MeCazh is 8498e232-31c7-499f-8014-8f3234753741
[17:34:17] [Server thread/INFO]: MeCazh[/100.88.218.158:54526] logged in with entity id 536535 at ([911_nether]-294.53271178338025, 39.030121128042175, -429.8597779791926)
[17:35:00] [User Authenticator #45/INFO]: UUID of player youaregeh_nooo is bcdbf2ce-ccad-47cb-8429-96127c05b374
[17:35:00] [Server thread/INFO]: youaregeh_nooo[/127.0.0.1:56604] logged in with entity id 537028 at ([911]593.6716007280281, 127.0, -3509.228155589041)
[17:40:03] [Server thread/INFO]: youaregeh_nooo was slain by Wither Skeleton
[17:43:54] [Server thread/WARN]: MeCazh moved too quickly! -131.01505502814243,52.233632006042484,5593.06178725799
[17:51:36] [Server thread/INFO]: MeCazh issued server command: /gamemode creative
[17:51:36] [Server thread/INFO]: [MeCazh: Set own game mode to Creative Mode]
[17:56:33] [Server thread/INFO]: MeCazh issued server command: /kill @e[type=wither]
[17:56:33] [Server thread/INFO]: [MeCazh: Killed Wither]
[18:01:27] [Server thread/INFO]: MeCazh issued server command: /gamemode survival
[18:01:27] [Server thread/INFO]: [MeCazh: Set own game mode to Survival Mode]
[19:10:42] [Server thread/WARN]: youaregeh_nooo moved wrongly!
[19:10:53] [Server thread/WARN]: youaregeh_nooo moved wrongly!
[19:10:53] [Server thread/WARN]: youaregeh_nooo moved wrongly!
[19:11:54] [User Authenticator #46/INFO]: UUID of player StahlP0ny is 3269c03c-47de-4798-b910-7b3df32e8303
[19:11:54] [Server thread/INFO]: StahlP0ny[/178.82.196.116:50860] logged in with entity id 607060 at ([911_the_end]281.5893016060802, 1.0, 0.2540644388547037)
[19:11:59] [Async Chat Thread - #16/INFO]: <StahlP0ny> schwonz[m
[19:12:01] [Async Chat Thread - #16/INFO]: <StahlP0ny> ja[m
[19:16:17] [Server thread/INFO]: StahlP0ny has completed the challenge [Cover Me in Debris]
[19:16:24] [Server thread/INFO]: StahlP0ny lost connection: Disconnected
[19:16:24] [Server thread/INFO]: StahlP0ny left the game
[19:16:29] [User Authenticator #47/INFO]: UUID of player StahlP0ny is 3269c03c-47de-4798-b910-7b3df32e8303
[19:16:29] [Server thread/INFO]: StahlP0ny[/178.82.196.116:50990] logged in with entity id 611329 at ([911_the_end]176.25014710552745, 18.974592585155357, -1.3335184474160322)
[19:16:41] [Server thread/INFO]: youaregeh_nooo lost connection: Disconnected
[19:16:41] [Server thread/INFO]: youaregeh_nooo left the game
[19:17:51] [User Authenticator #48/INFO]: UUID of player youaregeh_nooo is bcdbf2ce-ccad-47cb-8429-96127c05b374
[19:17:51] [Server thread/INFO]: youaregeh_nooo[/127.0.0.1:51836] logged in with entity id 612303 at ([911_the_end]191.3622017281953, 28.82141773563358, 0.5344300369493135)
[19:42:53] [Server thread/INFO]: youaregeh_nooo has made the advancement [Tactical Fishing]
[19:47:58] [Server thread/INFO]: Villager EntityVillager['Villager'/650707, l='ServerLevel[911]', x=612.50, y=123.56, z=-3503.50] died, message: 'Villager was blown up by Creeper'
[19:47:58] [Server thread/INFO]: Villager EntityVillager['Fletcher'/650748, l='ServerLevel[911]', x=611.50, y=123.56, z=-3503.50] died, message: 'Fletcher was blown up by Creeper'
[19:51:11] [Server thread/INFO]: youaregeh_nooo fell from a high place
[19:51:20] [Async Chat Thread - #17/INFO]: <StahlP0ny> noob[m
[19:51:29] [Async Chat Thread - #17/INFO]: <MeCazh> ja so lost[m
[19:51:31] [Async Chat Thread - #17/INFO]: <StahlP0ny> spass[m
[19:51:42] [Async Chat Thread - #17/INFO]: <StahlP0ny> reichtige voll poste[m
[19:51:42] [Async Chat Thread - #17/INFO]: <MeCazh> spass[m
[19:51:52] [Async Chat Thread - #17/INFO]: <StahlP0ny> de olaf[m
[19:51:58] [Async Chat Thread - #17/INFO]: <MeCazh> gell[m
[19:52:07] [Async Chat Thread - #17/INFO]: <MeCazh> hŕ und du de grésserer[m
[19:52:13] [Server thread/INFO]: StahlP0ny issued server command: /deop youaregeh_nooo
[19:52:13] [Server thread/INFO]: [StahlP0ny: Made youaregeh_nooo no longer a server operator]
[19:52:28] [Server thread/INFO]: StahlP0ny issued server command: /op youaregeh_nooo
[19:52:28] [Server thread/INFO]: [StahlP0ny: Made youaregeh_nooo a server operator]
[19:53:05] [Server thread/INFO]: youaregeh_nooo issued server command: /summon minecraft:lightning_bolt
[19:53:05] [Server thread/INFO]: [youaregeh_nooo: Summoned new Lightning Bolt]
[19:54:53] [Server thread/INFO]: StahlP0ny lost connection: Disconnected
[19:54:53] [Server thread/INFO]: StahlP0ny left the game
[20:11:14] [Server thread/INFO]: youaregeh_nooo lost connection: Disconnected
[20:11:14] [Server thread/INFO]: youaregeh_nooo left the game
[20:11:58] [User Authenticator #49/INFO]: UUID of player youaregeh_nooo is bcdbf2ce-ccad-47cb-8429-96127c05b374
[20:11:58] [Server thread/INFO]: youaregeh_nooo[/127.0.0.1:64384] logged in with entity id 676731 at ([911_the_end]110.80602710303111, 100.53135828973512, -37.80196464682573)
[20:15:52] [Server thread/INFO]: MeCazh was shot by youaregeh_nooo using [%Stefan Bow%]
[20:16:51] [Server thread/INFO]: MeCazh issued server command: /tp MeCazh youaregeh_nooo
[20:16:51] [Server thread/INFO]: [MeCazh: Teleported MeCazh to youaregeh_nooo]
[20:16:58] [Server thread/INFO]: youaregeh_nooo was slain by Iron Golem
[20:23:08] [Server thread/INFO]: youaregeh_nooo was shot by MeCazh
[20:24:28] [Server thread/INFO]: MeCazh lost connection: Disconnected
[20:24:28] [Server thread/INFO]: MeCazh left the game
[20:24:32] [User Authenticator #50/INFO]: UUID of player MeCazh is 8498e232-31c7-499f-8014-8f3234753741
[20:24:32] [Server thread/INFO]: MeCazh[/100.88.218.158:56027] logged in with entity id 685203 at ([911]590.4893973409681, 123.0, -3520.8000867343603)
[20:24:33] [Server thread/INFO]: MeCazh issued server command: /gamemode creative
[20:24:33] [Server thread/INFO]: [MeCazh: Set own game mode to Creative Mode]
[20:24:42] [Server thread/INFO]: MeCazh issued server command: /gamemode spectator
[20:24:42] [Server thread/INFO]: [MeCazh: Set own game mode to Spectator Mode]
[20:24:44] [Server thread/INFO]: MeCazh issued server command: /gamemode creative
[20:24:44] [Server thread/INFO]: [MeCazh: Set own game mode to Creative Mode]
[20:24:45] [Server thread/INFO]: MeCazh issued server command: /gamemode survival
[20:24:45] [Server thread/INFO]: [MeCazh: Set own game mode to Survival Mode]
[20:24:46] [Server thread/INFO]: MeCazh issued server command: /gamemode spectator
[20:24:46] [Server thread/INFO]: [MeCazh: Set own game mode to Spectator Mode]
[20:24:53] [Server thread/INFO]: youaregeh_nooo issued server command: /deop MeCazh
[20:24:53] [Server thread/INFO]: [youaregeh_nooo: Made MeCazh no longer a server operator]
[20:25:00] [Server thread/INFO]: youaregeh_nooo issued server command: /tp MeCazh youaregeh_nooo
[20:25:00] [Server thread/INFO]: [youaregeh_nooo: Teleported MeCazh to youaregeh_nooo]
[20:25:07] [Server thread/INFO]: youaregeh_nooo issued server command: /gamemode survival MeCazh
[20:25:07] [Server thread/INFO]: [youaregeh_nooo: Set MeCazh's game mode to Survival Mode]
[20:25:10] [Server thread/INFO]: youaregeh_nooo issued server command: /tp MeCazh youaregeh_nooo
[20:25:10] [Server thread/INFO]: [youaregeh_nooo: Teleported MeCazh to youaregeh_nooo]
[20:25:15] [Server thread/INFO]: MeCazh lost connection: Disconnected
[20:25:15] [Server thread/INFO]: MeCazh left the game
[20:26:00] [User Authenticator #51/INFO]: UUID of player MeCazh is 8498e232-31c7-499f-8014-8f3234753741
[20:26:00] [Server thread/INFO]: MeCazh[/100.88.218.158:56094] logged in with entity id 685459 at ([911]591.1797662785294, 123.0, -3523.5631741153693)
[20:26:45] [Server thread/INFO]: youaregeh_nooo was shot by MeCazh
[20:27:56] [Server thread/INFO]: youaregeh_nooo issued server command: /kill MeCazh
[20:27:56] [Server thread/INFO]: MeCazh fell out of the world
[20:27:56] [Server thread/INFO]: [youaregeh_nooo: Killed MeCazh]
[20:29:12] [Server thread/INFO]: youaregeh_nooo issued server command: /op MeCazh
[20:29:12] [Server thread/INFO]: [youaregeh_nooo: Made MeCazh a server operator]
[20:29:56] [Server thread/INFO]: MeCazh lost connection: Disconnected
[20:29:56] [Server thread/INFO]: MeCazh left the game
[21:02:35] [Server thread/INFO]: youaregeh_nooo lost connection: Disconnected
[21:02:35] [Server thread/INFO]: youaregeh_nooo left the game
[21:02:44] [Server thread/INFO]: Stopping the server
[21:02:44] [Server thread/INFO]: Stopping server
[21:02:44] [Server thread/INFO]: Saving players
[21:02:44] [Server thread/INFO]: Saving worlds
[21:02:44] [Server thread/INFO]: Saving chunks for level 'ServerLevel[911]'/minecraft:overworld
[21:02:44] [Server thread/INFO]: Saving chunks for level 'ServerLevel[911_nether]'/minecraft:the_nether
[21:02:44] [Server thread/INFO]: Saving chunks for level 'ServerLevel[911_the_end]'/minecraft:the_end
[21:02:44] [Server thread/INFO]: ThreadedAnvilChunkStorage (911): All chunks are saved
[21:02:44] [Server thread/INFO]: ThreadedAnvilChunkStorage (DIM-1): All chunks are saved
[21:02:44] [Server thread/INFO]: ThreadedAnvilChunkStorage (DIM1): All chunks are saved
[21:02:44] [Server thread/INFO]: ThreadedAnvilChunkStorage: All dimensions are saved
